2026-04-06 10:37:21 UTC | collector    | INFO     | Collector: фоновый поток запущен
2026-04-06 10:37:21 UTC | collector    | INFO     | Collector v2.0.0 запущен (интервал: 1800с, пары: ['EURUSD', 'GBPUSD', 'USDJPY', 'USDCHF', 'AUDUSD', 'EURGBP'], ТФ: ['D', 'H4', 'H1'])
2026-04-06 10:37:21 UTC | collector    | INFO     | Collector: запуск цикла сбора...
2026-04-06 10:37:21 UTC | collector    | INFO     |   EURUSD   D    | баров:  700 | ATR: 0.00870 | ADX: 46.8 | уровней:  30 | skip_B0:  0 | gaps: 0 | bad_bars: 0
2026-04-06 10:37:21 UTC | collector    | INFO     |   EURUSD   H4   | баров:  700 | ATR: 0.00225 | ADX: 31.0 | уровней:  30 | skip_B0:  0 | gaps: 0 | bad_bars: 0
2026-04-06 10:37:21 UTC | collector    | INFO     |   EURUSD   H1   | баров:  700 | ATR: 0.00113 | ADX: 27.4 | уровней:  30 | skip_B0:  0 | gaps: 0 | bad_bars: 0
2026-04-06 10:37:21 UTC | collector    | INFO     |   GBPUSD   D    | баров:  700 | ATR: 0.01182 | ADX: 43.0 | уровней:  30 | skip_B0:  0 | gaps: 0 | bad_bars: 0
2026-04-06 10:37:21 UTC | collector    | INFO     |   GBPUSD   H4   | баров:  700 | ATR: 0.00291 | ADX:  7.7 | уровней:  30 | skip_B0:  0 | gaps: 0 | bad_bars: 0
2026-04-06 10:37:21 UTC | collector    | INFO     |   GBPUSD   H1   | баров:  700 | ATR: 0.00132 | ADX: 30.0 | уровней:  30 | skip_B0:  0 | gaps: 0 | bad_bars: 0
2026-04-06 10:37:21 UTC | collector    | INFO     |   USDJPY   D    | баров:  700 | ATR: 1.11686 | ADX: 32.5 | уровней:  30 | skip_B0:  0 | gaps: 0 | bad_bars: 0
2026-04-06 10:37:22 UTC | collector    | INFO     |   USDJPY   H4   | баров:  700 | ATR: 0.25250 | ADX:  5.4 | уровней:  30 | skip_B0:  0 | gaps: 0 | bad_bars: 0
2026-04-06 10:37:22 UTC | collector    | INFO     |   USDJPY   H1   | баров:  700 | ATR: 0.12970 | ADX: 15.8 | уровней:  30 | skip_B0:  0 | gaps: 0 | bad_bars: 0
2026-04-06 10:37:22 UTC | collector    | INFO     |   USDCHF   D    | баров:  700 | ATR: 0.00681 | ADX: 49.2 | уровней:  30 | skip_B0:  0 | gaps: 0 | bad_bars: 0
2026-04-06 10:37:22 UTC | collector    | INFO     |   USDCHF   H4   | баров:  700 | ATR: 0.00206 | ADX:  6.6 | уровней:  30 | skip_B0:  0 | gaps: 0 | bad_bars: 0
2026-04-06 10:37:22 UTC | collector    | INFO     |   USDCHF   H1   | баров:  700 | ATR: 0.00115 | ADX: 23.6 | уровней:  30 | skip_B0:  0 | gaps: 0 | bad_bars: 0
2026-04-06 10:37:22 UTC | collector    | INFO     |   AUDUSD   D    | баров:  700 | ATR: 0.00778 | ADX: 38.4 | уровней:  30 | skip_B0:  0 | gaps: 0 | bad_bars: 0
2026-04-06 10:37:22 UTC | collector    | INFO     |   AUDUSD   H4   | баров:  700 | ATR: 0.00194 | ADX:  7.9 | уровней:  30 | skip_B0:  0 | gaps: 0 | bad_bars: 0
2026-04-06 10:37:22 UTC | collector    | INFO     |   AUDUSD   H1   | баров:  700 | ATR: 0.00094 | ADX: 37.4 | уровней:  30 | skip_B0:  0 | gaps: 0 | bad_bars: 0
2026-04-06 10:37:22 UTC | collector    | INFO     |   EURGBP   D    | баров:  700 | ATR: 0.00346 | ADX: 18.1 | уровней:  30 | skip_B0:  0 | gaps: 0 | bad_bars: 0
2026-04-06 10:37:22 UTC | collector    | INFO     |   EURGBP   H4   | баров:  700 | ATR: 0.00099 | ADX: 34.7 | уровней:  30 | skip_B0:  0 | gaps: 0 | bad_bars: 0
2026-04-06 10:37:23 UTC | collector    | INFO     |   EURGBP   H1   | баров:  700 | ATR: 0.00050 | ADX: 32.0 | уровней:  30 | skip_B0:  0 | gaps: 0 | bad_bars: 0
2026-04-06 10:37:23 UTC | collector    | INFO     | Collector цикл завершён за 2с: сохранено 540 уровней, ошибок 0
2026-04-06 10:55:59 UTC | collector    | INFO     | Collector: фоновый поток завершён
2026-04-06 10:55:59 UTC | collector    | INFO     | Collector остановлен
